c:\users\giapn\desktop\nmgame\castlevania20\x64\debug\castlevania20.lib
c:\users\giapn\desktop\nmgame\castlevania20\x64\debug\castlevania20.exp
c:\users\giapn\desktop\nmgame\castlevania20\castlevania20\x64\debug\vc140.pdb
c:\users\giapn\desktop\nmgame\castlevania20\castlevania20\x64\debug\vc140.idb
c:\users\giapn\desktop\nmgame\castlevania20\castlevania20\x64\debug\igamestate.obj
c:\users\giapn\desktop\nmgame\castlevania20\castlevania20\x64\debug\input.obj
c:\users\giapn\desktop\nmgame\castlevania20\castlevania20\x64\debug\loadmap.obj
c:\users\giapn\desktop\nmgame\castlevania20\castlevania20\x64\debug\menuscreen.obj
c:\users\giapn\desktop\nmgame\castlevania20\castlevania20\x64\debug\rect.obj
c:\users\giapn\desktop\nmgame\castlevania20\castlevania20\x64\debug\statemanager.obj
c:\users\giapn\desktop\nmgame\castlevania20\castlevania20\x64\debug\text.obj
c:\users\giapn\desktop\nmgame\castlevania20\castlevania20\x64\debug\map.obj
c:\users\giapn\desktop\nmgame\castlevania20\castlevania20\x64\debug\qnode.obj
c:\users\giapn\desktop\nmgame\castlevania20\castlevania20\x64\debug\quadtree.obj
c:\users\giapn\desktop\nmgame\castlevania20\castlevania20\x64\debug\simon.obj
c:\users\giapn\desktop\nmgame\castlevania20\castlevania20\x64\debug\soundbuffer.obj
c:\users\giapn\desktop\nmgame\castlevania20\castlevania20\x64\debug\soundmanagement.obj
c:\users\giapn\desktop\nmgame\castlevania20\castlevania20\x64\debug\sprite.obj
c:\users\giapn\desktop\nmgame\castlevania20\castlevania20\x64\debug\texture.obj
c:\users\giapn\desktop\nmgame\castlevania20\castlevania20\x64\debug\tile.obj
c:\users\giapn\desktop\nmgame\castlevania20\castlevania20\x64\debug\timer.obj
c:\users\giapn\desktop\nmgame\castlevania20\castlevania20\x64\debug\timespan.obj
c:\users\giapn\desktop\nmgame\castlevania20\castlevania20\x64\debug\animation.obj
c:\users\giapn\desktop\nmgame\castlevania20\castlevania20\x64\debug\baseobject.obj
c:\users\giapn\desktop\nmgame\castlevania20\castlevania20\x64\debug\camera.obj
c:\users\giapn\desktop\nmgame\castlevania20\castlevania20\x64\debug\ccamera.obj
c:\users\giapn\desktop\nmgame\castlevania20\castlevania20\x64\debug\dsutil.obj
c:\users\giapn\desktop\nmgame\castlevania20\castlevania20\x64\debug\gametime.obj
c:\users\giapn\desktop\nmgame\castlevania20\castlevania20\x64\debug\globals.obj
c:\users\giapn\desktop\nmgame\castlevania20\castlevania20\x64\debug\graphics.obj
c:\users\giapn\desktop\nmgame\castlevania20\castlevania20\x64\debug\igame.obj
c:\users\giapn\desktop\nmgame\castlevania20\castlevania20\x64\debug\gameplay.obj
c:\users\giapn\desktop\nmgame\castlevania20\castlevania20\x64\debug\resourcemanager.obj
c:\users\giapn\desktop\nmgame\castlevania20\castlevania20\x64\debug\winmain.obj
c:\users\giapn\desktop\nmgame\castlevania20\x64\debug\castlevania20.ilk
c:\users\giapn\desktop\nmgame\castlevania20\x64\debug\castlevania20.exe
c:\users\giapn\desktop\nmgame\castlevania20\x64\debug\castlevania20.pdb
c:\users\giapn\desktop\nmgame\checkme\castlevania20\x64\debug\animation.obj
c:\users\giapn\desktop\nmgame\checkme\castlevania20\x64\debug\baseobject.obj
c:\users\giapn\desktop\nmgame\checkme\castlevania20\x64\debug\camera.obj
c:\users\giapn\desktop\nmgame\checkme\castlevania20\x64\debug\ccamera.obj
c:\users\giapn\desktop\nmgame\checkme\castlevania20\x64\debug\dsutil.obj
c:\users\giapn\desktop\nmgame\checkme\castlevania20\x64\debug\gameplay.obj
c:\users\giapn\desktop\nmgame\checkme\castlevania20\x64\debug\gametime.obj
c:\users\giapn\desktop\nmgame\checkme\castlevania20\x64\debug\globals.obj
c:\users\giapn\desktop\nmgame\checkme\castlevania20\x64\debug\graphics.obj
c:\users\giapn\desktop\nmgame\checkme\castlevania20\x64\debug\igame.obj
c:\users\giapn\desktop\nmgame\checkme\castlevania20\x64\debug\igamestate.obj
c:\users\giapn\desktop\nmgame\checkme\castlevania20\x64\debug\input.obj
c:\users\giapn\desktop\nmgame\checkme\castlevania20\x64\debug\loadmap.obj
c:\users\giapn\desktop\nmgame\checkme\castlevania20\x64\debug\map.obj
c:\users\giapn\desktop\nmgame\checkme\castlevania20\x64\debug\menuscreen.obj
c:\users\giapn\desktop\nmgame\checkme\castlevania20\x64\debug\qnode.obj
c:\users\giapn\desktop\nmgame\checkme\castlevania20\x64\debug\quadtree.obj
c:\users\giapn\desktop\nmgame\checkme\castlevania20\x64\debug\rect.obj
c:\users\giapn\desktop\nmgame\checkme\castlevania20\x64\debug\resourcemanager.obj
c:\users\giapn\desktop\nmgame\checkme\castlevania20\x64\debug\simon.obj
c:\users\giapn\desktop\nmgame\checkme\castlevania20\x64\debug\soundbuffer.obj
c:\users\giapn\desktop\nmgame\checkme\castlevania20\x64\debug\soundmanagement.obj
c:\users\giapn\desktop\nmgame\checkme\castlevania20\x64\debug\sprite.obj
c:\users\giapn\desktop\nmgame\checkme\castlevania20\x64\debug\statemanager.obj
c:\users\giapn\desktop\nmgame\checkme\castlevania20\x64\debug\text.obj
c:\users\giapn\desktop\nmgame\checkme\castlevania20\x64\debug\texture.obj
c:\users\giapn\desktop\nmgame\checkme\castlevania20\x64\debug\tile.obj
c:\users\giapn\desktop\nmgame\checkme\castlevania20\x64\debug\timer.obj
c:\users\giapn\desktop\nmgame\checkme\castlevania20\x64\debug\timespan.obj
c:\users\giapn\desktop\nmgame\checkme\castlevania20\x64\debug\winmain.obj
c:\users\giapn\desktop\nmgame\checkme\castlevania20\x64\debug\vc140.idb
c:\users\giapn\desktop\nmgame\checkme\castlevania20\x64\debug\vc140.pdb
c:\users\giapn\desktop\nmgame\checkme\x64\debug\castlevania20.pdb
c:\users\giapn\desktop\nmgame\checkme\x64\debug\castlevania20.exe
c:\users\giapn\desktop\nmgame\checkme\x64\debug\castlevania20.ilk
c:\users\giapn\desktop\nmgame\checkme\castlevania20\x64\debug\castlevania20.tlog\castlevania20.write.1u.tlog
c:\users\giapn\desktop\nmgame\checkme\castlevania20\x64\debug\castlevania20.tlog\cl.command.1.tlog
c:\users\giapn\desktop\nmgame\checkme\castlevania20\x64\debug\castlevania20.tlog\cl.read.1.tlog
c:\users\giapn\desktop\nmgame\checkme\castlevania20\x64\debug\castlevania20.tlog\cl.write.1.tlog
c:\users\giapn\desktop\nmgame\checkme\castlevania20\x64\debug\castlevania20.tlog\link.command.1.tlog
c:\users\giapn\desktop\nmgame\checkme\castlevania20\x64\debug\castlevania20.tlog\link.read.1.tlog
c:\users\giapn\desktop\nmgame\checkme\castlevania20\x64\debug\castlevania20.tlog\link.write.1.tlog
